mode: atomic
github.com/chensanle/sliset/set.go:9.65,10.28 1 4
github.com/chensanle/sliset/set.go:13.2,13.14 1 1
github.com/chensanle/sliset/set.go:10.28,12.3 1 3
github.com/chensanle/sliset/set.go:18.61,20.2 1 4
github.com/chensanle/sliset/set.go:23.68,24.20 1 4
github.com/chensanle/sliset/set.go:27.2,30.27 3 3
github.com/chensanle/sliset/set.go:37.2,37.21 1 3
github.com/chensanle/sliset/set.go:24.20,26.3 1 1
github.com/chensanle/sliset/set.go:30.27,31.23 1 9
github.com/chensanle/sliset/set.go:34.3,34.31 1 5
github.com/chensanle/sliset/set.go:31.23,32.12 1 4
github.com/chensanle/sliset/set.go:41.70,42.42 1 4
github.com/chensanle/sliset/set.go:46.2,48.27 3 2
github.com/chensanle/sliset/set.go:54.2,54.21 1 2
github.com/chensanle/sliset/set.go:42.42,44.3 1 2
github.com/chensanle/sliset/set.go:48.27,49.20 1 6
github.com/chensanle/sliset/set.go:49.20,51.4 1 4
github.com/chensanle/sliset/set.go:58.63,61.27 3 4
github.com/chensanle/sliset/set.go:65.2,65.31 1 4
github.com/chensanle/sliset/set.go:70.2,70.18 1 4
github.com/chensanle/sliset/set.go:61.27,64.3 2 9
github.com/chensanle/sliset/set.go:65.31,68.3 2 8
github.com/chensanle/sliset/set.go:74.52,75.20 1 17
github.com/chensanle/sliset/set.go:79.2,82.27 3 13
github.com/chensanle/sliset/set.go:90.2,90.12 1 13
github.com/chensanle/sliset/set.go:75.20,77.3 1 4
github.com/chensanle/sliset/set.go:82.27,83.30 1 42
github.com/chensanle/sliset/set.go:86.3,87.26 2 29
github.com/chensanle/sliset/set.go:83.30,84.12 1 13
github.com/chensanle/sliset/set.go:94.64,96.27 2 4
github.com/chensanle/sliset/set.go:102.2,102.18 1 4
github.com/chensanle/sliset/set.go:96.27,97.18 1 12
github.com/chensanle/sliset/set.go:100.3,100.25 1 4
github.com/chensanle/sliset/set.go:97.18,98.12 1 8
github.com/chensanle/sliset/set.go:107.60,109.27 2 5
github.com/chensanle/sliset/set.go:112.2,112.10 1 5
github.com/chensanle/sliset/set.go:109.27,111.3 1 10
